mode: set
github.com/Lokiop/Bookings/cmd/web/main.go:22.13,26.16 2 0
github.com/Lokiop/Bookings/cmd/web/main.go:33.2,42.16 4 0
github.com/Lokiop/Bookings/cmd/web/main.go:26.16,28.3 1 0
github.com/Lokiop/Bookings/cmd/web/main.go:45.18,62.16 10 1
github.com/Lokiop/Bookings/cmd/web/main.go:67.2,74.12 6 1
github.com/Lokiop/Bookings/cmd/web/main.go:62.16,65.3 2 0
github.com/Lokiop/Bookings/cmd/web/middleware.go:18.45,29.2 3 1
github.com/Lokiop/Bookings/cmd/web/middleware.go:32.50,34.2 1 1
github.com/Lokiop/Bookings/cmd/web/routes.go:12.49,47.2 18 1
